
Showing logs for build [32mmeta-craft-de-jet-tribute-page-6wjtc-1[0m stage [32mmeta-pipeline[0m and container [32mstep-credential-initializer-qnngg[0m
{"level":"info","ts":1594117607.0706325,"logger":"fallback-logger","caller":"logging/config.go:69","msg":"Fetch GitHub commit ID from kodata failed: open /var/run/ko/refs/heads/0.8.0-ns-support: no such file or directory"}
{"level":"info","ts":1594117607.0716717,"logger":"fallback-logger","caller":"creds-init/main.go:40","msg":"Credentials initialized."}

Showing logs for build [32mmeta-craft-de-jet-tribute-page-6wjtc-1[0m stage [32mmeta-pipeline[0m and container [32mstep-working-dir-initializer-6978c[0m
{"level":"info","ts":1594117617.2089477,"logger":"fallback-logger","caller":"logging/config.go:69","msg":"Fetch GitHub commit ID from kodata failed: open /var/run/ko/HEAD: no such file or directory"}
{"level":"info","ts":1594117617.2168577,"logger":"fallback-logger","caller":"bash/main.go:64","msg":"Successfully executed command \"sh -c mkdir -p /workspace/source\"; output "}

Showing logs for build [32mmeta-craft-de-jet-tribute-page-6wjtc-1[0m stage [32mmeta-pipeline[0m and container [32mstep-place-tools[0m

Showing logs for build [32mmeta-craft-de-jet-tribute-page-6wjtc-1[0m stage [32mmeta-pipeline[0m and container [32mstep-git-source-meta-craft-de-jet-tribute-page-6wjtc-fzpdk[0m
{"level":"info","ts":1594117760.4306462,"logger":"fallback-logger","caller":"logging/config.go:69","msg":"Fetch GitHub commit ID from kodata failed: open /var/run/ko/refs/heads/0.8.0-ns-support: no such file or directory"}
{"level":"error","ts":1594117765.5846598,"logger":"fallback-logger","caller":"git/git.go:40","msg":"Error running git [fetch --depth=1 --recurse-submodules=yes origin 97862dbc441bdf16ff59a8ccfed526aa5e0117fc]: exit status 128\nfatal: unable to access 'https://github.com/************/tribute-page.git/': Could not resolve host: github.com\n","stacktrace":"github.com/tektoncd/pipeline/pkg/git.run\n\t/Users/abayer/go/src/github.com/tektoncd/pipeline/pkg/git/git.go:40\ngithub.com/tektoncd/pipeline/pkg/git.Fetch\n\t/Users/abayer/go/src/github.com/tektoncd/pipeline/pkg/git/git.go:91\nmain.main\n\t/Users/abayer/go/src/github.com/tektoncd/pipeline/cmd/git-init/main.go:39\nruntime.main\n\t/usr/local/Cellar/go@1.12/1.12.17/libexec/src/runtime/proc.go:200"}
{"level":"error","ts":1594117768.7435162,"logger":"fallback-logger","caller":"git/git.go:40","msg":"Error running git [pull --recurse-submodules=yes origin]: exit status 1\nFrom https://github.com/************/tribute-page\n * [new branch]      master     -> origin/master\nYou asked to pull from the remote 'origin', but did not specify\na branch. Because this is not the default configured remote\nfor your current branch, you must specify a branch on the command line.\n","stacktrace":"github.com/tektoncd/pipeline/pkg/git.run\n\t/Users/abayer/go/src/github.com/tektoncd/pipeline/pkg/git/git.go:40\ngithub.com/tektoncd/pipeline/pkg/git.Fetch\n\t/Users/abayer/go/src/github.com/tektoncd/pipeline/pkg/git/git.go:94\nmain.main\n\t/Users/abayer/go/src/github.com/tektoncd/pipeline/cmd/git-init/main.go:39\nruntime.main\n\t/usr/local/Cellar/go@1.12/1.12.17/libexec/src/runtime/proc.go:200"}
{"level":"warn","ts":1594117768.7437153,"logger":"fallback-logger","caller":"git/git.go:95","msg":"Failed to pull origin : exit status 1"}
{"level":"info","ts":1594117768.7643266,"logger":"fallback-logger","caller":"git/git.go:103","msg":"Successfully cloned https://github.com/************/tribute-page.git @ 97862dbc441bdf16ff59a8ccfed526aa5e0117fc in path /workspace/source"}

Showing logs for build [32mmeta-craft-de-jet-tribute-page-6wjtc-1[0m stage [32mmeta-pipeline[0m and container [32mstep-git-merge[0m
Using SHAs from PULL_REFS=master:97862dbc441bdf16ff59a8ccfed526aa5e0117fc
WARNING: no SHAs to merge, falling back to initial cloned commit

Showing logs for build [32mmeta-craft-de-jet-tribute-page-6wjtc-1[0m stage [32mmeta-pipeline[0m and container [32mstep-merge-pull-refs[0m
SKIP merge-pull-refs: Nothing to merge

Showing logs for build [32mmeta-craft-de-jet-tribute-page-6wjtc-1[0m stage [32mmeta-pipeline[0m and container [32mstep-create-effective-pipeline[0m
Cloning the Jenkins X versions repo https://github.com/jenkins-x/jenkins-x-versions.git with ref refs/heads/master to /builder/home/.**/jenkins-x-versions
error: : failed to clone reference: refs/heads/master: Get https://github.com/jenkins-x/jenkins-x-versions.git/info/refs?service=git-upload-pack: dial tcp: i/o timeout
[31m
Pipeline failed on stage 'meta-pipeline' : container 'step-create-effective-pipeline'. The execution of the pipeline has stopped.[0m
